<?xml version="1.0" encoding="UTF-8"?>
<!-- Generated by org.testng.reporters.JUnitReportReporter -->
<testsuite hostname="DESKTOP-CT7UHRR" failures="0" tests="1" name="JavaStreamTest1" time="0.020" errors="0" timestamp="2024-06-07T14:45:04 IST" skipped="0">
  <testcase classname="JavaStreamTest1" name="streammap" time="0.020"/>
</testsuite> <!-- JavaStreamTest1 -->
